#
# There is insufficient memory for the Java Runtime Environment to continue.
# Native memory allocation (mmap) failed to map 67108864 bytes for G1 virtual space
# Possible reasons:
#   The system is out of physical RAM or swap space
#   The process is running with CompressedOops enabled, and the Java Heap may be blocking the growth of the native heap
# Possible solutions:
#   Reduce memory load on the system
#   Increase physical memory or swap space
#   Check if swap backing store is full
#   Decrease Java heap size (-Xmx/-Xms)
#   Decrease number of Java threads
#   Decrease Java thread stack sizes (-Xss)
#   Set larger code cache with -XX:ReservedCodeCacheSize=
#   JVM is running with Unscaled Compressed Oops mode in which the Java heap is
#     placed in the first 4GB address space. The Java Heap base address is the
#     maximum limit for the native heap growth. Please use -XX:HeapBaseMinAddress
#     to set the Java Heap base and to place the Java Heap above 4GB virtual address.
# This output file may be truncated or incomplete.
#
#  Out of Memory Error (os_windows.cpp:3825), pid=8640, tid=3256
#
# JRE version:  (17.0.9+7) (build )
# Java VM: OpenJDK 64-Bit Server VM (17.0.9+7-b1087.11, mixed mode, sharing, tiered, compressed oops, compressed class ptrs, g1 gc, windows-amd64)
# No core dump will be written. Minidumps are not enabled by default on client versions of Windows
#

---------------  S U M M A R Y ------------

Command Line: git4idea.http.GitAskPassApp Username for 'https://github.com': 

Host: Intel(R) Celeron(R) CPU 1000M @ 1.80GHz, 2 cores, 3G,  Windows 10 , 64 bit Build 19041 (10.0.19041.3636)
Time: Sun Feb 11 16:00:24 2024 RTZ 2 (s 10 , 64 bit Build 19041 (10.0.19041.3636) elapsed time: 0.027416 seconds (0d 0h 0m 0s)

---------------  T H R E A D  ---------------

Current thread (0x0000027f9765df20):  JavaThread "Unknown thread" [_thread_in_vm, id=3256, stack(0x00000080a3400000,0x00000080a3500000)]

Stack: [0x00000080a3400000,0x00000080a3500000]
Native frames: (J=compiled Java code, j=interpreted, Vv=VM code, C=native code)
V  [jvm.dll+0x688349]
V  [jvm.dll+0x841bfa]
V  [jvm.dll+0x84383e]
V  [jvm.dll+0x843ea3]
V  [jvm.dll+0x24bdef]
V  [jvm.dll+0x6850f9]
V  [jvm.dll+0x67988a]
V  [jvm.dll+0x30cbfb]
V  [jvm.dll+0x3140a6]
V  [jvm.dll+0x363ede]
V  [jvm.dll+0x36410f]
V  [jvm.dll+0x2e29c8]
V  [jvm.dll+0x2e3934]
V  [jvm.dll+0x812771]
V  [jvm.dll+0x371d41]
V  [jvm.dll+0x7f12bc]
V  [jvm.dll+0x3f59cf]
V  [jvm.dll+0x3f7601]
C  [jli.dll+0x528f]
C  [ucrtbase.dll+0x21bb2]
C  [KERNEL32.DLL+0x17344]
C  [ntdll.dll+0x526b1]


---------------  P R O C E S S  ---------------

Threads class SMR info:
_java_thread_list=0x00007fff23a1df18, length=0, elements={
}

Java Threads: ( => current thread )

Other Threads:
  0x0000027f97697ed0 GCTaskThread "GC Thread#0" [stack: 0x00000080a3500000,0x00000080a3600000] [id=4804]
  0x0000027f976a0aa0 ConcurrentGCThread "G1 Main Marker" [stack: 0x00000080a3600000,0x00000080a3700000] [id=5248]
  0x0000027f976a1c60 ConcurrentGCThread "G1 Conc#0" [stack: 0x00000080a3700000,0x00000080a3800000] [id=8732]

[error occurred during error reporting (printing all threads), id 0xc0000005, EXCEPTION_ACCESS_VIOLATION (0xc0000005) at pc=0x00007fff231d3597]

VM state: not at safepoint (not fully initialized)

VM Mutex/Monitor currently owned by a thread:  ([mutex/lock_event])
[0x0000027f97657260] Heap_lock - owner thread: 0x0000027f9765df20

Heap address: 0x00000000c1c00000, size: 996 MB, Compressed Oops mode: 32-bit

CDS archive(s) mapped at: [0x0000000000000000-0x0000000000000000-0x0000000000000000), size 0, SharedBaseAddress: 0x0000000800000000, ArchiveRelocationMode: 1.
Narrow klass base: 0x0000000000000000, Narrow klass shift: 0, Narrow klass range: 0x0

GC Precious Log:
<Empty>

Heap:
 garbage-first heap   total 0K, used 0K [0x00000000c1c00000, 0x0000000100000000)
  region size 1024K, 0 young (0K), 0 survivors (0K)
 Metaspace       used 0K, committed 0K, reserved 0K
  class space    used 0K, committed 0K, reserved 0K

Heap Regions: E=young(eden), S=young(survivor), O=old, HS=humongous(starts), HC=humongous(continues), CS=collection set, F=free, OA=open archive, CA=closed archive, TAMS=top-at-mark-start (previous, next)

Card table byte_map: [0x0000027f97330000,0x0000027f97530000] _byte_map_base: 0x0000027f96d22000

Marking Bits (Prev, Next): (CMBitMap*) 0x0000027f976984f0, (CMBitMap*) 0x0000027f97698530
 Prev Bits: [0x0000027fa9fe0000, 0x0000027faaf70000)
 Next Bits: [0x0000027faaf70000, 0x0000027fabf00000)

GC Heap History (0 events):
No events

Dll operation events (1 events):
Event: 0.016 Loaded shared library C:\Program Files\JetBrains\IntelliJ IDEA Community Edition 2023.3.3\jbr\bin\java.dll

Deoptimization events (0 events):
No events

Classes unloaded (0 events):
No events

Classes redefined (0 events):
No events

Internal exceptions (0 events):
No events

VM Operations (0 events):
No events

Events (0 events):
No events


Dynamic libraries:
0x00007ff6aa620000 - 0x00007ff6aa62a000 	C:\Program Files\JetBrains\IntelliJ IDEA Community Edition 2023.3.3\jbr\bin\java.exe
0x00007fff4bdf0000 - 0x00007fff4bfe8000 	C:\Windows\SYSTEM32\ntdll.dll
0x00007fff49f80000 - 0x00007fff4a03d000 	C:\Windows\System32\KERNEL32.DLL
0x00007fff496d0000 - 0x00007fff499c6000 	C:\Windows\System32\KERNELBASE.dll
0x00007fff49530000 - 0x00007fff49630000 	C:\Windows\System32\ucrtbase.dll
0x00007fff429a0000 - 0x00007fff429bb000 	C:\Program Files\JetBrains\IntelliJ IDEA Community Edition 2023.3.3\jbr\bin\VCRUNTIME140.dll
0x00007fff3d670000 - 0x00007fff3d687000 	C:\Program Files\JetBrains\IntelliJ IDEA Community Edition 2023.3.3\jbr\bin\jli.dll
0x00007fff4b150000 - 0x00007fff4b2ee000 	C:\Windows\System32\USER32.dll
0x00007fff499d0000 - 0x00007fff499f2000 	C:\Windows\System32\win32u.dll
0x00007fff4b7e0000 - 0x00007fff4b80c000 	C:\Windows\System32\GDI32.dll
0x00007fff49c10000 - 0x00007fff49d2a000 	C:\Windows\System32\gdi32full.dll
0x00007fff49630000 - 0x00007fff496cd000 	C:\Windows\System32\msvcp_win.dll
0x00007fff3d7e0000 - 0x00007fff3da7a000 	C:\Windows\WinSxS\amd64_microsoft.windows.common-controls_6595b64144ccf1df_6.0.19041.3636_none_60b6a03d71f818d5\COMCTL32.dll
0x00007fff4b0b0000 - 0x00007fff4b14e000 	C:\Windows\System32\msvcrt.dll
0x00007fff4ad70000 - 0x00007fff4ada0000 	C:\Windows\System32\IMM32.DLL
0x00007fff41c70000 - 0x00007fff41c7c000 	C:\Program Files\JetBrains\IntelliJ IDEA Community Edition 2023.3.3\jbr\bin\vcruntime140_1.dll
0x00007fff383d0000 - 0x00007fff3845d000 	C:\Program Files\JetBrains\IntelliJ IDEA Community Edition 2023.3.3\jbr\bin\msvcp140.dll
0x00007fff22ee0000 - 0x00007fff23b62000 	C:\Program Files\JetBrains\IntelliJ IDEA Community Edition 2023.3.3\jbr\bin\server\jvm.dll
0x00007fff4a110000 - 0x00007fff4a1c3000 	C:\Windows\System32\ADVAPI32.dll
0x00007fff4b380000 - 0x00007fff4b41f000 	C:\Windows\System32\sechost.dll
0x00007fff4bc80000 - 0x00007fff4bda6000 	C:\Windows\System32\RPCRT4.dll
0x00007fff49e10000 - 0x00007fff49e37000 	C:\Windows\System32\bcrypt.dll
0x00007fff48e50000 - 0x00007fff48e9b000 	C:\Windows\SYSTEM32\POWRPROF.dll
0x00007fff44e90000 - 0x00007fff44e99000 	C:\Windows\SYSTEM32\WSOCK32.dll
0x00007fff3e980000 - 0x00007fff3e9a7000 	C:\Windows\SYSTEM32\WINMM.dll
0x00007fff4b420000 - 0x00007fff4b48b000 	C:\Windows\System32\WS2_32.dll
0x00007fff3e9b0000 - 0x00007fff3e9ba000 	C:\Windows\SYSTEM32\VERSION.dll
0x00007fff48dd0000 - 0x00007fff48de2000 	C:\Windows\SYSTEM32\UMPDC.dll
0x00007fff47290000 - 0x00007fff472a2000 	C:\Windows\SYSTEM32\kernel.appcore.dll
0x00007fff430a0000 - 0x00007fff430aa000 	C:\Program Files\JetBrains\IntelliJ IDEA Community Edition 2023.3.3\jbr\bin\jimage.dll
0x00007fff36f60000 - 0x00007fff37144000 	C:\Windows\SYSTEM32\DBGHELP.DLL
0x00007fff36f20000 - 0x00007fff36f54000 	C:\Windows\SYSTEM32\dbgcore.DLL
0x00007fff49d30000 - 0x00007fff49db2000 	C:\Windows\System32\bcryptPrimitives.dll
0x00007fff42cf0000 - 0x00007fff42d15000 	C:\Program Files\JetBrains\IntelliJ IDEA Community Edition 2023.3.3\jbr\bin\java.dll

dbghelp: loaded successfully - version: 4.0.5 - missing functions: none
symbol engine: initialized successfully - sym options: 0x614 - pdb path: .;C:\Program Files\JetBrains\IntelliJ IDEA Community Edition 2023.3.3\jbr\bin;C:\Windows\SYSTEM32;C:\Windows\WinSxS\amd64_microsoft.windows.common-controls_6595b64144ccf1df_6.0.19041.3636_none_60b6a03d71f818d5;C:\Program Files\JetBrains\IntelliJ IDEA Community Edition 2023.3.3\jbr\bin\server

VM Arguments:
java_command: git4idea.http.GitAskPassApp Username for 'https://github.com': 
java_class_path (initial): C:/Program Files/JetBrains/IntelliJ IDEA Community Edition 2023.3.3/plugins/vcs-git/lib/git4idea-rt.jar;C:/Program Files/JetBrains/IntelliJ IDEA Community Edition 2023.3.3/lib/externalProcess-rt.jar
Launcher Type: SUN_STANDARD

[Global flags]
     intx CICompilerCount                          = 2                                         {product} {ergonomic}
     uint ConcGCThreads                            = 1                                         {product} {ergonomic}
     uint G1ConcRefinementThreads                  = 2                                         {product} {ergonomic}
   size_t G1HeapRegionSize                         = 1048576                                   {product} {ergonomic}
    uintx GCDrainStackTargetSize                   = 64                                        {product} {ergonomic}
   size_t InitialHeapSize                          = 67108864                                  {product} {ergonomic}
   size_t MarkStackSize                            = 4194304                                   {product} {ergonomic}
   size_t MaxHeapSize                              = 1044381696                                {product} {ergonomic}
   size_t MinHeapDeltaBytes                        = 1048576                                   {product} {ergonomic}
   size_t MinHeapSize                              = 8388608                                   {product} {ergonomic}
    uintx NonNMethodCodeHeapSize                   = 5826188                                {pd product} {ergonomic}
    uintx NonProfiledCodeHeapSize                  = 122916026                              {pd product} {ergonomic}
    uintx ProfiledCodeHeapSize                     = 122916026                              {pd product} {ergonomic}
    uintx ReservedCodeCacheSize                    = 251658240                              {pd product} {ergonomic}
     bool SegmentedCodeCache                       = true                                      {product} {ergonomic}
   size_t SoftMaxHeapSize                          = 1044381696                             {manageable} {ergonomic}
     bool UseCompressedClassPointers               = true                           {product lp64_product} {ergonomic}
     bool UseCompressedOops                        = true                           {product lp64_product} {ergonomic}
     bool UseG1GC                                  = true                                      {product} {ergonomic}
     bool UseLargePagesIndividualAllocation        = false                                  {pd product} {ergonomic}

Logging:
Log output configuration:
 #0: stdout all=warning uptime,level,tags
 #1: stderr all=off uptime,level,tags

Environment Variables:
PATH=C:\Program Files\Git\mingw64\libexec\git-core;C:\Program Files\Git\mingw64\libexec\git-core;C:\Program Files\Git\mingw64\bin;C:\Program Files\Git\usr\bin;C:\Users\123\bin;C:\Windows\system32;C:\Windows;C:\Windows\System32\Wbem;C:\Windows\System32\WindowsPowerShell\v1.0;C:\Windows\System32\OpenSSH;C:\Program Files\Git\cmd;C:\Users\123\AppData\Local\Microsoft\WindowsApps
USERNAME=123
DISPLAY=:0.0
LC_ALL=en_US.UTF-8
TERM=xterm-256color
TMPDIR=C:\Users\123\AppData\Local\Temp
OS=Windows_NT
PROCESSOR_IDENTIFIER=Intel64 Family 6 Model 58 Stepping 9, GenuineIntel
TMP=C:\Users\123\AppData\Local\Temp
TEMP=C:\Users\123\AppData\Local\Temp



Periodic native trim disabled

JNI global refs:
JNI global refs: 0, weak refs: 0

JNI global refs memory usage: 0, weak refs: 0

OOME stack traces (most recent first):
Classloader memory used:


---------------  S Y S T E M  ---------------

OS:
 Windows 10 , 64 bit Build 19041 (10.0.19041.3636)
OS uptime: 0 days 0:56 hours

CPU: total 2 (initial active 2) (2 cores per cpu, 1 threads per core) family 6 model 58 stepping 9 microcode 0x21, cx8, cmov, fxsr, mmx, sse, sse2, sse3, ssse3, sse4.1, sse4.2, popcnt, tsc, tscinvbit, erms, clmul, clflush
Processor Information for all 2 processors :
  Max Mhz: 1800, Current Mhz: 1800, Mhz Limit: 1800

Memory: 4k page, system-wide physical 3981M (571M free)
TotalPageFile size 5005M (AvailPageFile size 42M)
current process WorkingSet (physical memory assigned to process): 10M, peak: 10M
current process commit charge ("private bytes"): 47M, peak: 111M

vm_info: OpenJDK 64-Bit Server VM (17.0.9+7-b1087.11) for windows-amd64 JRE (17.0.9+7-b1087.11), built on 2024-01-05 by "builduser" with MS VC++ 16.10 / 16.11 (VS2019)

END.
